[08-Mar-2024 16:47:24 UTC] PHP Fatal error:  Uncaught TypeError: Unsupported operand types: string + int in C:\Users\bhnbi\Local Sites\exosightit\app\public\test.php:11
Stack trace:
#0 {main}
  thrown in C:\Users\bhnbi\Local Sites\exosightit\app\public\test.php on line 11
[08-Mar-2024 16:47:44 UTC] PHP Fatal error:  Uncaught TypeError: Unsupported operand types: string + int in C:\Users\bhnbi\Local Sites\exosightit\app\public\test.php:11
Stack trace:
#0 {main}
  thrown in C:\Users\bhnbi\Local Sites\exosightit\app\public\test.php on line 11
[08-Mar-2024 19:48:44 UTC] PHP Parse error:  syntax error, unexpected variable "$count", expecting "," or ";" in C:\Users\bhnbi\Local Sites\exosightit\app\public\test.php on line 9
[08-Mar-2024 19:48:56 UTC] PHP Parse error:  syntax error, unexpected variable "$count", expecting "," or ";" in C:\Users\bhnbi\Local Sites\exosightit\app\public\test.php on line 9
[08-Mar-2024 19:49:14 UTC] PHP Warning:  Undefined variable $food in C:\Users\bhnbi\Local Sites\exosightit\app\public\test.php on line 8
[08-Mar-2024 19:49:14 UTC] PHP Warning:  Trying to access array offset on null in C:\Users\bhnbi\Local Sites\exosightit\app\public\test.php on line 8
[08-Mar-2024 19:49:14 UTC] PHP Warning:  Undefined variable $food in C:\Users\bhnbi\Local Sites\exosightit\app\public\test.php on line 8
[08-Mar-2024 19:49:14 UTC] PHP Warning:  Trying to access array offset on null in C:\Users\bhnbi\Local Sites\exosightit\app\public\test.php on line 8
[08-Mar-2024 19:49:14 UTC] PHP Warning:  Undefined variable $food in C:\Users\bhnbi\Local Sites\exosightit\app\public\test.php on line 8
[08-Mar-2024 19:49:14 UTC] PHP Warning:  Trying to access array offset on null in C:\Users\bhnbi\Local Sites\exosightit\app\public\test.php on line 8
[08-Mar-2024 19:49:14 UTC] PHP Warning:  Undefined variable $food in C:\Users\bhnbi\Local Sites\exosightit\app\public\test.php on line 8
[08-Mar-2024 19:49:14 UTC] PHP Warning:  Trying to access array offset on null in C:\Users\bhnbi\Local Sites\exosightit\app\public\test.php on line 8
[08-Mar-2024 19:49:14 UTC] PHP Warning:  Undefined variable $food in C:\Users\bhnbi\Local Sites\exosightit\app\public\test.php on line 8
[08-Mar-2024 19:49:14 UTC] PHP Warning:  Trying to access array offset on null in C:\Users\bhnbi\Local Sites\exosightit\app\public\test.php on line 8
[08-Mar-2024 19:52:24 UTC] PHP Fatal error:  Uncaught Error: Call to undefined function defin() in C:\Users\bhnbi\Local Sites\exosightit\app\public\test.php:16
Stack trace:
#0 {main}
  thrown in C:\Users\bhnbi\Local Sites\exosightit\app\public\test.php on line 16
[09-Mar-2024 08:26:11 UTC] PHP Warning:  mysqli_real_connect(): (HY000/2002): No connection could be made because the target machine actively refused it in C:\Users\bhnbi\Local Sites\exosightit\app\public\wp-includes\class-wpdb.php on line 1987
[11-Mar-2024 17:47:57 UTC] PHP Parse error:  syntax error, unexpected token ";", expecting ")" in C:\Users\bhnbi\Local Sites\exosightit\app\public\wp-content\themes\exosight\includes\front-end\enqeue.php on line 11
[11-Mar-2024 17:47:58 UTC] PHP Parse error:  syntax error, unexpected token ";", expecting ")" in C:\Users\bhnbi\Local Sites\exosightit\app\public\wp-content\themes\exosight\includes\front-end\enqeue.php on line 11
[11-Mar-2024 17:48:03 UTC] PHP Parse error:  syntax error, unexpected token ";", expecting ")" in C:\Users\bhnbi\Local Sites\exosightit\app\public\wp-content\themes\exosight\includes\front-end\enqeue.php on line 11
[11-Mar-2024 18:17:02 UTC] PHP Warning:  include(C:\Users\bhnbi\Local Sites\exosightit\app\public/wp-content/themes/exosight/includes/front/enqueue.php): Failed to open stream: No such file or directory in C:\Users\bhnbi\Local Sites\exosightit\app\public\wp-content\themes\exosight\functions.php on line 6
[11-Mar-2024 18:17:02 UTC] PHP Warning:  include(): Failed opening 'C:\Users\bhnbi\Local Sites\exosightit\app\public/wp-content/themes/exosight/includes/front/enqueue.php' for inclusion (include_path='.:/usr/share/php:/www/wp-content/pear') in C:\Users\bhnbi\Local Sites\exosightit\app\public\wp-content\themes\exosight\functions.php on line 6
[11-Mar-2024 18:17:02 UTC] PHP Fatal error:  Uncaught TypeError: call_user_func_array(): Argument #1 ($callback) must be a valid callback, function "u_enqueue" not found or invalid function name in C:\Users\bhnbi\Local Sites\exosightit\app\public\wp-includes\class-wp-hook.php:324
Stack trace:
#0 C:\Users\bhnbi\Local Sites\exosightit\app\public\wp-includes\class-wp-hook.php(348): WP_Hook->apply_filters(NULL, Array)
#1 C:\Users\bhnbi\Local Sites\exosightit\app\public\wp-includes\plugin.php(517): WP_Hook->do_action(Array)
#2 C:\Users\bhnbi\Local Sites\exosightit\app\public\wp-includes\script-loader.php(2262): do_action('wp_enqueue_scri...')
#3 C:\Users\bhnbi\Local Sites\exosightit\app\public\wp-includes\class-wp-hook.php(324): wp_enqueue_scripts('')
#4 C:\Users\bhnbi\Local Sites\exosightit\app\public\wp-includes\class-wp-hook.php(348): WP_Hook->apply_filters(NULL, Array)
#5 C:\Users\bhnbi\Local Sites\exosightit\app\public\wp-includes\plugin.php(517): WP_Hook->do_action(Array)
#6 C:\Users\bhnbi\Local Sites\exosightit\app\public\wp-includes\general-template.php(3052): do_action('wp_head')
#7 C:\Users\bhnbi\Local Sites\exosightit\app\public\wp-includes\template-canvas.php(17): wp_head()
#8 C:\Users\bhnbi\Local Sites\exosightit\app\public\wp-includes\template-loader.php(106): include('C:\\Users\\bhnbi\\...')
#9 C:\Users\bhnbi\Local Sites\exosightit\app\public\wp-blog-header.php(19): require_once('C:\\Users\\bhnbi\\...')
#10 C:\Users\bhnbi\Local Sites\exosightit\app\public\index.php(17): require('C:\\Users\\bhnbi\\...')
#11 {main}
  thrown in C:\Users\bhnbi\Local Sites\exosightit\app\public\wp-includes\class-wp-hook.php on line 324
[11-Mar-2024 18:17:04 UTC] PHP Warning:  include(C:\Users\bhnbi\Local Sites\exosightit\app\public/wp-content/themes/exosight/includes/front/enqueue.php): Failed to open stream: No such file or directory in C:\Users\bhnbi\Local Sites\exosightit\app\public\wp-content\themes\exosight\functions.php on line 6
[11-Mar-2024 18:17:04 UTC] PHP Warning:  include(): Failed opening 'C:\Users\bhnbi\Local Sites\exosightit\app\public/wp-content/themes/exosight/includes/front/enqueue.php' for inclusion (include_path='.:/usr/share/php:/www/wp-content/pear') in C:\Users\bhnbi\Local Sites\exosightit\app\public\wp-content\themes\exosight\functions.php on line 6
[11-Mar-2024 18:18:37 UTC] PHP Fatal error:  Uncaught TypeError: call_user_func_array(): Argument #1 ($callback) must be a valid callback, function "u_head" not found or invalid function name in C:\Users\bhnbi\Local Sites\exosightit\app\public\wp-includes\class-wp-hook.php:324
Stack trace:
#0 C:\Users\bhnbi\Local Sites\exosightit\app\public\wp-includes\class-wp-hook.php(348): WP_Hook->apply_filters(NULL, Array)
#1 C:\Users\bhnbi\Local Sites\exosightit\app\public\wp-includes\plugin.php(517): WP_Hook->do_action(Array)
#2 C:\Users\bhnbi\Local Sites\exosightit\app\public\wp-includes\general-template.php(3052): do_action('wp_head')
#3 C:\Users\bhnbi\Local Sites\exosightit\app\public\wp-includes\template-canvas.php(17): wp_head()
#4 C:\Users\bhnbi\Local Sites\exosightit\app\public\wp-includes\template-loader.php(106): include('C:\\Users\\bhnbi\\...')
#5 C:\Users\bhnbi\Local Sites\exosightit\app\public\wp-blog-header.php(19): require_once('C:\\Users\\bhnbi\\...')
#6 C:\Users\bhnbi\Local Sites\exosightit\app\public\index.php(17): require('C:\\Users\\bhnbi\\...')
#7 {main}
  thrown in C:\Users\bhnbi\Local Sites\exosightit\app\public\wp-includes\class-wp-hook.php on line 324
[11-Mar-2024 18:52:19 UTC] PHP Warning:  include(C:\Users\bhnbi\Local Sites\exosightit\app\public\wp-content\themes\exosight): Failed to open stream: Permission denied in C:\Users\bhnbi\Local Sites\exosightit\app\public\wp-content\themes\exosight\functions.php on line 6
[11-Mar-2024 18:52:19 UTC] PHP Warning:  include(): Failed opening 'C:\Users\bhnbi\Local Sites\exosightit\app\public/wp-content/themes/exosight' for inclusion (include_path='.:/usr/share/php:/www/wp-content/pear') in C:\Users\bhnbi\Local Sites\exosightit\app\public\wp-content\themes\exosight\functions.php on line 6
[11-Mar-2024 18:52:19 UTC] PHP Fatal error:  Uncaught TypeError: call_user_func_array(): Argument #1 ($callback) must be a valid callback, function "e_scripts_enqueue" not found or invalid function name in C:\Users\bhnbi\Local Sites\exosightit\app\public\wp-includes\class-wp-hook.php:324
Stack trace:
#0 C:\Users\bhnbi\Local Sites\exosightit\app\public\wp-includes\class-wp-hook.php(348): WP_Hook->apply_filters(NULL, Array)
#1 C:\Users\bhnbi\Local Sites\exosightit\app\public\wp-includes\plugin.php(517): WP_Hook->do_action(Array)
#2 C:\Users\bhnbi\Local Sites\exosightit\app\public\wp-includes\script-loader.php(2262): do_action('wp_enqueue_scri...')
#3 C:\Users\bhnbi\Local Sites\exosightit\app\public\wp-includes\class-wp-hook.php(324): wp_enqueue_scripts('')
#4 C:\Users\bhnbi\Local Sites\exosightit\app\public\wp-includes\class-wp-hook.php(348): WP_Hook->apply_filters(NULL, Array)
#5 C:\Users\bhnbi\Local Sites\exosightit\app\public\wp-includes\plugin.php(517): WP_Hook->do_action(Array)
#6 C:\Users\bhnbi\Local Sites\exosightit\app\public\wp-includes\general-template.php(3052): do_action('wp_head')
#7 C:\Users\bhnbi\Local Sites\exosightit\app\public\wp-includes\template-canvas.php(17): wp_head()
#8 C:\Users\bhnbi\Local Sites\exosightit\app\public\wp-includes\template-loader.php(106): include('C:\\Users\\bhnbi\\...')
#9 C:\Users\bhnbi\Local Sites\exosightit\app\public\wp-blog-header.php(19): require_once('C:\\Users\\bhnbi\\...')
#10 C:\Users\bhnbi\Local Sites\exosightit\app\public\index.php(17): require('C:\\Users\\bhnbi\\...')
#11 {main}
  thrown in C:\Users\bhnbi\Local Sites\exosightit\app\public\wp-includes\class-wp-hook.php on line 324
[12-Mar-2024 10:37:53 UTC] PHP Warning:  mysqli_real_connect(): (HY000/2002): No connection could be made because the target machine actively refused it in C:\Users\bhnbi\Local Sites\exosightit\app\public\wp-includes\class-wpdb.php on line 1987
[12-Mar-2024 15:14:39 UTC] PHP Fatal error:  Uncaught Error: Call to undefined function wp_head() in C:\Users\bhnbi\Local Sites\exosightit\app\public\wp-content\themes\exosight\index.php:4
Stack trace:
#0 {main}
  thrown in C:\Users\bhnbi\Local Sites\exosightit\app\public\wp-content\themes\exosight\index.php on line 4
[12-Mar-2024 15:14:48 UTC] PHP Fatal error:  Uncaught Error: Call to undefined function wp_head() in C:\Users\bhnbi\Local Sites\exosightit\app\public\wp-content\themes\exosight\index.php:4
Stack trace:
#0 {main}
  thrown in C:\Users\bhnbi\Local Sites\exosightit\app\public\wp-content\themes\exosight\index.php on line 4
